
Log created @12:25:21.435090200
s 83 @12:25:22.060122200
q 81 @12:25:22.067341100
d 68 @12:25:22.128375500
w 87 @12:25:22.477536900
x 88 @12:25:22.776748300
0 collided with 2 @12:25:22.801564300
0 collided with 3 @12:25:22.847936900
0 collided with 2 @12:25:22.847936900
s 83 @12:25:22.893056800
0 collided with 4 @12:25:22.896054900
0 collided with 5 @12:25:22.944477600
0 collided with 4 @12:25:22.944477600
0 collided with 6 @12:25:22.994434900
0 collided with 5 @12:25:22.994434900
0 collided with 7 @12:25:23.039876200
0 collided with 6 @12:25:23.039876200
0 collided with 8 @12:25:23.084514700
0 collided with 7 @12:25:23.084514700
0 collided with 8 @12:25:23.120361
0 collided with 9 @12:25:23.120361
e 69 @12:25:23.138212600
9 collided with 10 @12:25:23.170407700
0 collided with 9 @12:25:23.176629800
0 collided with 10 @12:25:23.176629800
0 collided with 8 @12:25:23.176629800
9 collided with 10 @12:25:23.208123400
0 collided with 10 @12:25:23.208123400
0 collided with 9 @12:25:23.208123400
0 collided with 11 @12:25:23.208123400
9 collided with 10 @12:25:23.254281
0 collided with 11 @12:25:23.254281
0 collided with 10 @12:25:23.254281
0 collided with 10 @12:25:23.302020
0 collided with 10 @12:25:23.302020
0 collided with 11 @12:25:23.350798
0 collided with 10 @12:25:23.350798
0 collided with 12 @12:25:23.391225100
0 collided with 11 @12:25:23.391225100
0 collided with 12 @12:25:23.441973700
0 collided with 13 @12:25:23.441973700
0 collided with 11 @12:25:23.441973700
0 collided with 12 @12:25:23.486966
0 collided with 13 @12:25:23.486966
0 collided with 14 @12:25:23.486966
0 collided with 14 @12:25:23.550625800
0 collided with 14 @12:25:23.550625800
0 collided with 14 @12:25:23.581057100
0 collided with 15 @12:25:23.581057100
0 collided with 14 @12:25:23.581057100
0 collided with 15 @12:25:23.627916300
0 collided with 16 @12:25:23.627916300
0 collided with 16 @12:25:23.676154800
0 collided with 17 @12:25:23.676154800
0 collided with 17 @12:25:23.721706800
0 collided with 18 @12:25:23.721706800
0 collided with 19 @12:25:23.767317200
0 collided with 18 @12:25:23.769286800
0 collided with 20 @12:25:23.813075500
0 collided with 19 @12:25:23.813075500
q 81 @12:25:23.835749600
0 collided with 20 @12:25:23.861757300
0 collided with 21 @12:25:23.861757300
0 collided with 21 @12:25:23.905492700
w 87 @12:25:24.102943300
q 81 @12:25:24.543934100
s 83 @12:25:24.627601100
q 81 @12:25:25.026441600
w 87 @12:25:25.337755800
x 88 @12:25:25.743574700
0 collided with 1 @12:25:25.760102700
0 collided with 1 @12:25:25.808137
0 collided with 2 @12:25:25.808137
e 69 @12:25:25.827527500
0 collided with 3 @12:25:25.855181400
0 collided with 2 @12:25:25.856184700
0 collided with 4 @12:25:25.904569300
0 collided with 3 @12:25:25.904569300
0 collided with 5 @12:25:25.951187800
0 collided with 4 @12:25:25.951187800
0 collided with 4 @12:25:25.997165600
0 collided with 5 @12:25:25.997165600
0 collided with 6 @12:25:25.997165600
0 collided with 5 @12:25:26.042500500
0 collided with 7 @12:25:26.042500500
0 collided with 6 @12:25:26.042500500
0 collided with 7 @12:25:26.091713
0 collided with 8 @12:25:26.091713
0 collided with 8 @12:25:26.138608800
0 collided with 7 @12:25:26.138608800
0 collided with 9 @12:25:26.138608800
0 collided with 9 @12:25:26.184617
m 77 @12:25:26.234008700
s 83 @12:25:26.550865
q 81 @12:25:26.782745700
x 88 @12:25:27.214649
0 collided with 2 @12:25:27.255020700
0 collided with 3 @12:25:27.301363300
0 collided with 2 @12:25:27.301363300
0 collided with 3 @12:25:27.341239100
0 collided with 4 @12:25:27.341239100
0 collided with 4 @12:25:27.389913700
0 collided with 5 @12:25:27.389913700
0 collided with 6 @12:25:27.437649900
0 collided with 5 @12:25:27.437649900
e 69 @12:25:27.450650
0 collided with 6 @12:25:27.484185400
0 collided with 7 @12:25:27.484185400
0 collided with 8 @12:25:27.531092200
0 collided with 6 @12:25:27.531092200
0 collided with 7 @12:25:27.531092200
0 collided with 9 @12:25:27.577090900
0 collided with 8 @12:25:27.577090900
0 collided with 9 @12:25:27.624716100
0 collided with 10 @12:25:27.625717300
0 collided with 10 @12:25:27.670382100
0 collided with 11 @12:25:27.670382100
0 collided with 12 @12:25:27.716630
0 collided with 11 @12:25:27.716630
0 collided with 13 @12:25:27.763747
0 collided with 12 @12:25:27.763747
w 87 @12:25:27.781237600
0 collided with 14 @12:25:27.813374
0 collided with 15 @12:25:27.860058100
0 collided with 16 @12:25:27.903899900
d 68 @12:25:28.020368800
s 83 @12:25:28.419854
q 81 @12:25:28.648364
w 87 @12:25:28.922814900
w 87 @12:25:29.426328800
w 87 @12:25:29.454106500
w 87 @12:25:29.482865800
w 87 @12:25:29.516492700
s 83 @12:25:29.650579500
s 83 @12:25:30.144845600
s 83 @12:25:30.178064500
a 65 @12:25:30.182679300
w 87 @12:25:30.678899
w 87 @12:25:31.177934
w 87 @12:25:31.208687
w 87 @12:25:31.237920800
w 87 @12:25:31.270375400
e 69 @12:25:31.283493600
e 69 @12:25:31.782424700
s 83 @12:25:31.790909400
d 68 @12:25:31.924155800
e 69 @12:25:32.256024100
w 87 @12:25:33.314179700
d 68 @12:25:33.852588
s 83 @12:25:34.056595200
s 83 @12:25:34.553731400
s 83 @12:25:34.583089300
s 83 @12:25:34.616750600
s 83 @12:25:34.647113400
s 83 @12:25:34.673238600
s 83 @12:25:34.703978900
s 83 @12:25:34.732739400
s 83 @12:25:34.764767
s 83 @12:25:34.797159300
s 83 @12:25:34.827099700
s 83 @12:25:34.854008300
s 83 @12:25:34.882196800
a 65 @12:25:34.903252600
w 87 @12:25:35.074143300
e 69 @12:25:35.502925300
e 69 @12:25:36.006476500
e 69 @12:25:36.032813200
e 69 @12:25:36.062919400
e 69 @12:25:36.097178300
e 69 @12:25:36.124270700
e 69 @12:25:36.155016400
e 69 @12:25:36.183834400
e 69 @12:25:36.211538800
e 69 @12:25:36.243894200
e 69 @12:25:36.273819900
s 83 @12:25:36.390250600
d 68 @12:25:36.581844900
s 83 @12:25:37.068499
q 81 @12:25:37.519898900
q 81 @12:25:38.018513
q 81 @12:25:38.047240600
q 81 @12:25:38.075486900
q 81 @12:25:38.103595
q 81 @12:25:38.136138400
q 81 @12:25:38.180799600
q 81 @12:25:38.200755700
q 81 @12:25:38.227637800
q 81 @12:25:38.250160600
w 87 @12:25:38.283221200
x 88 @12:25:39.347530100
0 collided with 1 @12:25:39.349174400
0 collided with 1 @12:25:39.399134100
0 collided with 2 @12:25:39.399134100
0 collided with 3 @12:25:39.444165
0 collided with 2 @12:25:39.445165700
0 collided with 3 @12:25:39.497913800
0 collided with 3 @12:25:39.498906100
a 65 @12:25:39.522885200
0 collided with 3 @12:25:39.537748
0 collided with 3 @12:25:39.585415700
0 collided with 3 @12:25:39.634289800
0 collided with 4 @12:25:39.679698500
0 collided with 4 @12:25:39.724856600
0 collided with 5 @12:25:39.772354300
0 collided with 5 @12:25:39.819213800
0 collided with 6 @12:25:39.865727700
0 collided with 6 @12:25:39.913765
0 collided with 7 @12:25:39.960547600
0 collided with 7 @12:25:40.007235600
a 65 @12:25:40.024255
0 collided with 8 @12:25:40.053041600
a 65 @12:25:40.054059600
a 65 @12:25:40.087074400
0 collided with 8 @12:25:40.098048700
a 65 @12:25:40.114150800
0 collided with 9 @12:25:40.148780500
a 65 @12:25:40.176083200
0 collided with 9 @12:25:40.180247500
a 65 @12:25:40.197768900
a 65 @12:25:40.203965500
0 collided with 10 @12:25:40.228705500
a 65 @12:25:40.234562500
a 65 @12:25:40.266255600
0 collided with 10 @12:25:40.275375600
a 65 @12:25:40.295135500
0 collided with 11 @12:25:40.322553200
a 65 @12:25:40.328266300
a 65 @12:25:40.354571600
0 collided with 11 @12:25:40.369968600
a 65 @12:25:40.385349500
0 collided with 12 @12:25:40.416639800
a 65 @12:25:40.417641200
w 87 @12:25:40.438645100
0 collided with 12 @12:25:40.462472200
0 collided with 13 @12:25:40.510960500
0 collided with 13 @12:25:40.558263100
0 collided with 14 @12:25:40.604904400
0 collided with 14 @12:25:40.650638400
0 collided with 15 @12:25:40.698516100
0 collided with 16 @12:25:40.746058500
0 collided with 16 @12:25:40.793745
0 collided with 17 @12:25:40.841743400
0 collided with 17 @12:25:40.886416400
0 collided with 18 @12:25:40.934749400
0 collided with 18 @12:25:40.979714200
0 collided with 19 @12:25:41.027340500
0 collided with 19 @12:25:41.071999400
0 collided with 20 @12:25:41.118771200
0 collided with 20 @12:25:41.166911700
0 collided with 20 @12:25:41.208339400
0 collided with 18 @12:25:41.256942900
0 collided with 18 @12:25:41.307660300
s 83 @12:25:41.464544500
d 68 @12:25:41.504008400
d 68 @12:25:42.000417100
d 68 @12:25:42.029331
s 83 @12:25:42.033562700
x 88 @12:25:42.329600100
0 collided with 1 @12:25:42.366274400
0 collided with 2 @12:25:42.413791600
0 collided with 1 @12:25:42.413791600
0 collided with 3 @12:25:42.455844900
0 collided with 2 @12:25:42.455844900
0 collided with 3 @12:25:42.505465500
0 collided with 4 @12:25:42.505465500
0 collided with 5 @12:25:42.549749200
0 collided with 4 @12:25:42.549749200
a 65 @12:25:42.571115500
0 collided with 6 @12:25:42.597916500
0 collided with 7 @12:25:42.638870400
w 87 @12:25:42.684626700
0 collided with 8 @12:25:42.687292500
0 collided with 9 @12:25:42.735917300
0 collided with 10 @12:25:42.780444600
0 collided with 11 @12:25:42.828748
0 collided with 12 @12:25:42.870768900
0 collided with 13 @12:25:42.920879200
0 collided with 14 @12:25:42.965430500
0 collided with 15 @12:25:43.011920600
0 collided with 16 @12:25:43.060880200
d 68 @12:25:43.269363
q 81 @12:25:43.609313
x 88 @12:25:43.776830800
0 collided with 17 @12:25:43.803439300
0 collided with 18 @12:25:43.852775900
0 collided with 17 @12:25:43.853771600
0 collided with 18 @12:25:43.898751100
0 collided with 17 @12:25:43.898751100
0 collided with 18 @12:25:43.898751100
0 collided with 18 @12:25:43.944354400
0 collided with 18 @12:25:43.944354400
0 collided with 18 @12:25:43.990734800
0 collided with 18 @12:25:43.990734800
0 collided with 18 @12:25:44.038537300
0 collided with 18 @12:25:44.038537300
0 collided with 18 @12:25:44.084881
0 collided with 18 @12:25:44.086489500
0 collided with 19 @12:25:44.128636700
0 collided with 18 @12:25:44.128636700
0 collided with 19 @12:25:44.178846400
0 collided with 19 @12:25:44.178846400
0 collided with 19 @12:25:44.222946700
0 collided with 20 @12:25:44.222946700
0 collided with 20 @12:25:44.272914900
0 collided with 20 @12:25:44.272914900
x 88 @12:25:44.304458200
x 88 @12:25:44.305456200
0 collided with 20 @12:25:44.317159600
0 collided with 21 @12:25:44.317159600
x 88 @12:25:44.333795400
0 collided with 21 @12:25:44.358590
0 collided with 20 @12:25:44.358590
x 88 @12:25:44.382757800
x 88 @12:25:44.392694700
0 collided with 19 @12:25:44.398098100
0 collided with 20 @12:25:44.398098100
x 88 @12:25:44.420011800
0 collided with 16 @12:25:44.445583200
0 collided with 19 @12:25:44.445583200
x 88 @12:25:44.461258500
x 88 @12:25:44.484037600
0 collided with 16 @12:25:44.493047900
0 collided with 19 @12:25:44.493047900
0 collided with 16 @12:25:44.493047900
x 88 @12:25:44.509030100
0 collided with 16 @12:25:44.534565100
0 collided with 15 @12:25:44.534565100
x 88 @12:25:44.551717800
x 88 @12:25:44.573776400
0 collided with 15 @12:25:44.583236200
0 collided with 16 @12:25:44.583236200
0 collided with 16 @12:25:44.584236400
x 88 @12:25:44.604227100
0 collided with 15 @12:25:44.628815
0 collided with 16 @12:25:44.628815
0 collided with 14 @12:25:44.628815
x 88 @12:25:44.641405900
0 collided with 14 @12:25:44.673850300