
Log created @20:58:40.498645700
q 81 @20:58:41.634441600
s 83 @20:58:41.638436700
d 68 @20:58:41.704435800
x 88 @20:58:42.066439100
0collided with 2 @20:58:42.133105300
0collided with 2 @20:58:42.143634500
0collided with 3 @20:58:42.143634500
3collided with 4 @20:58:42.185700700
0collided with 4 @20:58:42.186702500
0collided with 3 @20:58:42.186702500
0collided with 3 @20:58:42.234547300
4collided with 5 @20:58:42.234547300
0collided with 4 @20:58:42.234547300
0collided with 5 @20:58:42.234547300
5collided with 6 @20:58:42.281969800
4collided with 6 @20:58:42.281969800
4collided with 5 @20:58:42.281969800
0collided with 5 @20:58:42.281969800
0collided with 4 @20:58:42.281969800
0collided with 6 @20:58:42.281969800
0collided with 3 @20:58:42.281969800
5collided with 6 @20:58:42.329879900
4collided with 7 @20:58:42.329879900
0collided with 4 @20:58:42.329879900
0collided with 7 @20:58:42.329879900
0collided with 6 @20:58:42.329879900
0collided with 5 @20:58:42.329879900
5collided with 7 @20:58:42.376164900
6collided with 7 @20:58:42.376164900
5collided with 6 @20:58:42.376164900
0collided with 6 @20:58:42.376164900
0collided with 8 @20:58:42.376164900
0collided with 4 @20:58:42.376164900
4collided with 8 @20:58:42.376164900
0collided with 5 @20:58:42.376164900
0collided with 7 @20:58:42.376164900
0collided with 4 @20:58:42.421820100
6collided with 7 @20:58:42.421820100
4collided with 9 @20:58:42.421820100
0collided with 8 @20:58:42.421820100
0collided with 7 @20:58:42.421820100
0collided with 5 @20:58:42.421820100
0collided with 9 @20:58:42.421820100
4collided with 10 @20:58:42.469383800
0collided with 4 @20:58:42.469383800
0collided with 10 @20:58:42.469383800
0collided with 9 @20:58:42.469383800
0collided with 4 @20:58:42.515270700
0collided with 11 @20:58:42.515270700
4collided with 11 @20:58:42.515270700
0collided with 10 @20:58:42.515270700
0collided with 4 @20:58:42.561651500
0collided with 12 @20:58:42.561651500
4collided with 12 @20:58:42.561651500
x 88 @20:58:42.575754700
0collided with 13 @20:58:42.608988600
4collided with 13 @20:58:42.608988600
0collided with 4 @20:58:42.608988600
x 88 @20:58:42.608988600
x 88 @20:58:42.638153800
0collided with 4 @20:58:42.656148
0collided with 14 @20:58:42.656148
4collided with 14 @20:58:42.656148
x 88 @20:58:42.669852800
0collided with 15 @20:58:42.702957200
0collided with 14 @20:58:42.702957200
0collided with 4 @20:58:42.702957200
4collided with 15 @20:58:42.702957200
x 88 @20:58:42.703958800
x 88 @20:58:42.733144700
s 83 @20:58:42.743963800
0collided with 4 @20:58:42.750973300
0collided with 16 @20:58:42.750973300
0collided with 15 @20:58:42.750973300
0collided with 16 @20:58:42.795576900
0collided with 16 @20:58:42.842141900
0collided with 16 @20:58:42.888890300
0collided with 16 @20:58:42.934143700
0collided with 16 @20:58:42.980958700
0collided with 16 @20:58:43.026925500
0collided with 16 @20:58:43.073144500
a 65 @20:58:43.093246900
0collided with 16 @20:58:43.120152200
e 69 @20:58:43.140414600
0collided with 16 @20:58:43.167246500
w 87 @20:58:43.498345300
x 88 @20:58:43.581408200
0collided with 8 @20:58:43.588986300
0collided with 9 @20:58:43.634253100
0collided with 10 @20:58:43.681366800
0collided with 10 @20:58:43.727964600
0collided with 10 @20:58:43.775148800
0collided with 11 @20:58:43.821170300
0collided with 11 @20:58:43.868208600
0collided with 12 @20:58:43.914359700
0collided with 12 @20:58:43.960147400
0collided with 13 @20:58:44.007183100
0collided with 14 @20:58:44.053975100
s 83 @20:58:44.246492900
x 88 @20:58:44.253144
d 68 @20:58:44.351963700
q 81 @20:58:44.549299900
x 88 @20:58:44.786390200
0collided with 1 @20:58:44.799906800
0collided with 2 @20:58:44.846293300
0collided with 3 @20:58:44.893977200
0collided with 2 @20:58:44.893977200
0collided with 3 @20:58:44.937903
e 69 @20:58:45.148385
x 88 @20:58:45.499898500
0collided with 3 @20:58:45.546248800
0collided with 3 @20:58:45.591973300
0collided with 4 @20:58:45.591973300
0collided with 4 @20:58:45.637381
a 65 @20:58:45.767375700